Created by PLY version 3.11 (http://www.dabeaz.com/ply)

Unused terminals:

    COLON
    DECREMENT_SELF_ASSIGN_OPERATOR
    DOUBLETYPE
    INCREMENT_SELF_ASSIGN_OPERATOR
    INTTYPE
    METHOD
    NOT_EQUAL
    NUM
    PRINT
    RECORD_ARG
    RETURN
    STRINGTYPE
    WHILE

Grammar

Rule 0     S' -> codeLine
Rule 1     codeLine -> FOR LPAREN typesVarAsignation conditionProduction DOTCOMA operation RPAREN LCURLY_BRACKET codeLine RCURLY_BRACKET
Rule 2     operation -> ID DECREMENT_OPERATOR
Rule 3     operation -> DECREMENT_OPERATOR ID
Rule 4     operation -> INCREMENT_OPERATOR ID
Rule 5     operation -> ID INCREMENT_OPERATOR
Rule 6     operation -> ID operator ID
Rule 7     operation -> ID operator numericValue
Rule 8     operation -> numericValue operator ID
Rule 9     operator -> PLUS
Rule 10    operator -> MINUS
Rule 11    operator -> TIMES
Rule 12    operator -> DIVIDE
Rule 13    codeLine -> VAR ID EQUALS LESS_THAN OBJTYPE GREATER_THAN LCURLY_BRACKET RCURLY_BRACKET DOTCOMA
Rule 14    codeLine -> setTypes LESS_THAN OBJTYPE GREATER_THAN ID EQUALS LCURLY_BRACKET RCURLY_BRACKET DOTCOMA
Rule 15    codeLine -> VAR ID EQUALS LESS_THAN OBJTYPE GREATER_THAN LCURLY_BRACKET values RCURLY_BRACKET DOTCOMA
Rule 16    codeLine -> setTypes LESS_THAN OBJTYPE GREATER_THAN ID EQUALS LCURLY_BRACKET values RCURLY_BRACKET DOTCOMA
Rule 17    setTypes -> SETTYPE
Rule 18    setTypes -> HASHSETTYPE
Rule 19    setTypes -> LINKEDHASHSETTYPE
Rule 20    setTypes -> SPLAYTREESETTYPE
Rule 21    codeLine -> LIST OBJTYPE ID EQUALS LSBRACKET RSBRACKET DOTCOMA
Rule 22    codeLine -> LIST OBJTYPE ID EQUALS LIST OBJTYPE LPAREN RPAREN DOTCOMA
Rule 23    codeLine -> LIST OBJTYPE ID EQUALS LIST LPAREN RPAREN DOTCOMA
Rule 24    codeLine -> LIST OBJTYPE ID EQUALS LSBRACKET values RSBRACKET DOTCOMA
Rule 25    codeLine -> IF LPAREN conditionProduction RPAREN LCURLY_BRACKET RCURLY_BRACKET
Rule 26    codeLine -> IF LPAREN conditionProduction RPAREN LCURLY_BRACKET
Rule 27    codeLine -> RCURLY_BRACKET
Rule 28    codeLine -> ELSE LCURLY_BRACKET RCURLY_BRACKET
Rule 29    codeLine -> IF LCURLY_BRACKET
Rule 30    codeLine -> ELSE IF LPAREN conditionProduction RPAREN LCURLY_BRACKET RCURLY_BRACKET
Rule 31    codeLine -> ELSE IF LPAREN conditionProduction RPAREN LCURLY_BRACKET
Rule 32    codeLine -> types ID LPAREN LCURLY_BRACKET typesVarProduction RCURLY_BRACKET RPAREN LCURLY_BRACKET RCURLY_BRACKET
Rule 33    codeLine -> types ID LPAREN LCURLY_BRACKET typesVarProduction RCURLY_BRACKET RPAREN LCURLY_BRACKET
Rule 34    condition -> ID comparator ID
Rule 35    conditionProduction -> condition
Rule 36    conditionProduction -> condition logicalOperator conditionProduction
Rule 37    values -> value
Rule 38    values -> value COMA values
Rule 39    value -> numericValue
Rule 40    value -> STR
Rule 41    value -> TRUE
Rule 42    value -> FALSE
Rule 43    numericValue -> INT
Rule 44    numericValue -> DOUBLE
Rule 45    types -> VAR
Rule 46    types -> CONST
Rule 47    types -> FINAL
Rule 48    types -> VOID
Rule 49    types -> STATIC
Rule 50    types -> BOOL
Rule 51    typesVarProduction -> types ID
Rule 52    typesVarProduction -> types ID COMA typesVarProduction
Rule 53    typesVarAsignation -> types ID EQUALS value DOTCOMA
Rule 54    logicalOperator -> AND
Rule 55    logicalOperator -> OR
Rule 56    comparator -> GREATER_THAN
Rule 57    comparator -> GREATER_THAN_EQUAL
Rule 58    comparator -> LESS_THAN
Rule 59    comparator -> LESS_THAN_EQUAL
Rule 60    comparator -> EQUAL

Terminals, with rules where they appear

AND                  : 54
BOOL                 : 50
COLON                : 
COMA                 : 38 52
CONST                : 46
DECREMENT_OPERATOR   : 2 3
DECREMENT_SELF_ASSIGN_OPERATOR : 
DIVIDE               : 12
DOTCOMA              : 1 13 14 15 16 21 22 23 24 53
DOUBLE               : 44
DOUBLETYPE           : 
ELSE                 : 28 30 31
EQUAL                : 60
EQUALS               : 13 14 15 16 21 22 23 24 53
FALSE                : 42
FINAL                : 47
FOR                  : 1
GREATER_THAN         : 13 14 15 16 56
GREATER_THAN_EQUAL   : 57
HASHSETTYPE          : 18
ID                   : 2 3 4 5 6 6 7 8 13 14 15 16 21 22 23 24 32 33 34 34 51 52 53
IF                   : 25 26 29 30 31
INCREMENT_OPERATOR   : 4 5
INCREMENT_SELF_ASSIGN_OPERATOR : 
INT                  : 43
INTTYPE              : 
LCURLY_BRACKET       : 1 13 14 15 16 25 26 28 29 30 31 32 32 33 33
LESS_THAN            : 13 14 15 16 58
LESS_THAN_EQUAL      : 59
LINKEDHASHSETTYPE    : 19
LIST                 : 21 22 22 23 23 24
LPAREN               : 1 22 23 25 26 30 31 32 33
LSBRACKET            : 21 24
METHOD               : 
MINUS                : 10
NOT_EQUAL            : 
NUM                  : 
OBJTYPE              : 13 14 15 16 21 22 22 23 24
OR                   : 55
PLUS                 : 9
PRINT                : 
RCURLY_BRACKET       : 1 13 14 15 16 25 27 28 30 32 32 33
RECORD_ARG           : 
RETURN               : 
RPAREN               : 1 22 23 25 26 30 31 32 33
RSBRACKET            : 21 24
SETTYPE              : 17
SPLAYTREESETTYPE     : 20
STATIC               : 49
STR                  : 40
STRINGTYPE           : 
TIMES                : 11
TRUE                 : 41
VAR                  : 13 15 45
VOID                 : 48
WHILE                : 
error                : 

Nonterminals, with rules where they appear

codeLine             : 1 0
comparator           : 34
condition            : 35 36
conditionProduction  : 1 25 26 30 31 36
logicalOperator      : 36
numericValue         : 7 8 39
operation            : 1
operator             : 6 7 8
setTypes             : 14 16
types                : 32 33 51 52 53
typesVarAsignation   : 1
typesVarProduction   : 32 33 52
value                : 37 38 53
values               : 15 16 24 38

Parsing method: LALR

state 0

    (0) S' -> . codeLine
    (1) codeLine -> . FOR LPAREN typesVarAsignation conditionProduction DOTCOMA operation RPAREN LCURLY_BRACKET codeLine RCURLY_BRACKET
    (13) codeLine -> . VAR ID EQUALS LESS_THAN OBJTYPE GREATER_THAN LCURLY_BRACKET RCURLY_BRACKET DOTCOMA
    (14) codeLine -> . setTypes LESS_THAN OBJTYPE GREATER_THAN ID EQUALS LCURLY_BRACKET RCURLY_BRACKET DOTCOMA
    (15) codeLine -> . VAR ID EQUALS LESS_THAN OBJTYPE GREATER_THAN LCURLY_BRACKET values RCURLY_BRACKET DOTCOMA
    (16) codeLine -> . setTypes LESS_THAN OBJTYPE GREATER_THAN ID EQUALS LCURLY_BRACKET values RCURLY_BRACKET DOTCOMA
    (21) codeLine -> . LIST OBJTYPE ID EQUALS LSBRACKET RSBRACKET DOTCOMA
    (22) codeLine -> . LIST OBJTYPE ID EQUALS LIST OBJTYPE LPAREN RPAREN DOTCOMA
    (23) codeLine -> . LIST OBJTYPE ID EQUALS LIST LPAREN RPAREN DOTCOMA
    (24) codeLine -> . LIST OBJTYPE ID EQUALS LSBRACKET values RSBRACKET DOTCOMA
    (25) codeLine -> . IF LPAREN conditionProduction RPAREN LCURLY_BRACKET RCURLY_BRACKET
    (26) codeLine -> . IF LPAREN conditionProduction RPAREN LCURLY_BRACKET
    (27) codeLine -> . RCURLY_BRACKET
    (28) codeLine -> . ELSE LCURLY_BRACKET RCURLY_BRACKET
    (29) codeLine -> . IF LCURLY_BRACKET
    (30) codeLine -> . ELSE IF LPAREN conditionProduction RPAREN LCURLY_BRACKET RCURLY_BRACKET
    (31) codeLine -> . ELSE IF LPAREN conditionProduction RPAREN LCURLY_BRACKET
    (32) codeLine -> . types ID LPAREN LCURLY_BRACKET typesVarProduction RCURLY_BRACKET RPAREN LCURLY_BRACKET RCURLY_BRACKET
    (33) codeLine -> . types ID LPAREN LCURLY_BRACKET typesVarProduction RCURLY_BRACKET RPAREN LCURLY_BRACKET
    (17) setTypes -> . SETTYPE
    (18) setTypes -> . HASHSETTYPE
    (19) setTypes -> . LINKEDHASHSETTYPE
    (20) setTypes -> . SPLAYTREESETTYPE
    (45) types -> . VAR
    (46) types -> . CONST
    (47) types -> . FINAL
    (48) types -> . VOID
    (49) types -> . STATIC
    (50) types -> . BOOL

    FOR             shift and go to state 2
    VAR             shift and go to state 4
    LIST            shift and go to state 6
    IF              shift and go to state 7
    RCURLY_BRACKET  shift and go to state 3
    ELSE            shift and go to state 8
    SETTYPE         shift and go to state 10
    HASHSETTYPE     shift and go to state 11
    LINKEDHASHSETTYPE shift and go to state 12
    SPLAYTREESETTYPE shift and go to state 13
    CONST           shift and go to state 14
    FINAL           shift and go to state 15
    VOID            shift and go to state 16
    STATIC          shift and go to state 17
    BOOL            shift and go to state 18

    codeLine                       shift and go to state 1
    setTypes                       shift and go to state 5
    types                          shift and go to state 9

state 1

    (0) S' -> codeLine .



state 2

    (1) codeLine -> FOR . LPAREN typesVarAsignation conditionProduction DOTCOMA operation RPAREN LCURLY_BRACKET codeLine RCURLY_BRACKET

    LPAREN          shift and go to state 19


state 3

    (27) codeLine -> RCURLY_BRACKET .

    $end            reduce using rule 27 (codeLine -> RCURLY_BRACKET .)
    RCURLY_BRACKET  reduce using rule 27 (codeLine -> RCURLY_BRACKET .)


state 4

    (13) codeLine -> VAR . ID EQUALS LESS_THAN OBJTYPE GREATER_THAN LCURLY_BRACKET RCURLY_BRACKET DOTCOMA
    (15) codeLine -> VAR . ID EQUALS LESS_THAN OBJTYPE GREATER_THAN LCURLY_BRACKET values RCURLY_BRACKET DOTCOMA
    (45) types -> VAR .

  ! shift/reduce conflict for ID resolved as shift
    ID              shift and go to state 20

  ! ID              [ reduce using rule 45 (types -> VAR .) ]


state 5

    (14) codeLine -> setTypes . LESS_THAN OBJTYPE GREATER_THAN ID EQUALS LCURLY_BRACKET RCURLY_BRACKET DOTCOMA
    (16) codeLine -> setTypes . LESS_THAN OBJTYPE GREATER_THAN ID EQUALS LCURLY_BRACKET values RCURLY_BRACKET DOTCOMA

    LESS_THAN       shift and go to state 21


state 6

    (21) codeLine -> LIST . OBJTYPE ID EQUALS LSBRACKET RSBRACKET DOTCOMA
    (22) codeLine -> LIST . OBJTYPE ID EQUALS LIST OBJTYPE LPAREN RPAREN DOTCOMA
    (23) codeLine -> LIST . OBJTYPE ID EQUALS LIST LPAREN RPAREN DOTCOMA
    (24) codeLine -> LIST . OBJTYPE ID EQUALS LSBRACKET values RSBRACKET DOTCOMA

    OBJTYPE         shift and go to state 22


state 7

    (25) codeLine -> IF . LPAREN conditionProduction RPAREN LCURLY_BRACKET RCURLY_BRACKET
    (26) codeLine -> IF . LPAREN conditionProduction RPAREN LCURLY_BRACKET
    (29) codeLine -> IF . LCURLY_BRACKET

    LPAREN          shift and go to state 23
    LCURLY_BRACKET  shift and go to state 24


state 8

    (28) codeLine -> ELSE . LCURLY_BRACKET RCURLY_BRACKET
    (30) codeLine -> ELSE . IF LPAREN conditionProduction RPAREN LCURLY_BRACKET RCURLY_BRACKET
    (31) codeLine -> ELSE . IF LPAREN conditionProduction RPAREN LCURLY_BRACKET

    LCURLY_BRACKET  shift and go to state 25
    IF              shift and go to state 26


state 9

    (32) codeLine -> types . ID LPAREN LCURLY_BRACKET typesVarProduction RCURLY_BRACKET RPAREN LCURLY_BRACKET RCURLY_BRACKET
    (33) codeLine -> types . ID LPAREN LCURLY_BRACKET typesVarProduction RCURLY_BRACKET RPAREN LCURLY_BRACKET

    ID              shift and go to state 27


state 10

    (17) setTypes -> SETTYPE .

    LESS_THAN       reduce using rule 17 (setTypes -> SETTYPE .)


state 11

    (18) setTypes -> HASHSETTYPE .

    LESS_THAN       reduce using rule 18 (setTypes -> HASHSETTYPE .)


state 12

    (19) setTypes -> LINKEDHASHSETTYPE .

    LESS_THAN       reduce using rule 19 (setTypes -> LINKEDHASHSETTYPE .)


state 13

    (20) setTypes -> SPLAYTREESETTYPE .

    LESS_THAN       reduce using rule 20 (setTypes -> SPLAYTREESETTYPE .)


state 14

    (46) types -> CONST .

    ID              reduce using rule 46 (types -> CONST .)


state 15

    (47) types -> FINAL .

    ID              reduce using rule 47 (types -> FINAL .)


state 16

    (48) types -> VOID .

    ID              reduce using rule 48 (types -> VOID .)


state 17

    (49) types -> STATIC .

    ID              reduce using rule 49 (types -> STATIC .)


state 18

    (50) types -> BOOL .

    ID              reduce using rule 50 (types -> BOOL .)


state 19

    (1) codeLine -> FOR LPAREN . typesVarAsignation conditionProduction DOTCOMA operation RPAREN LCURLY_BRACKET codeLine RCURLY_BRACKET
    (53) typesVarAsignation -> . types ID EQUALS value DOTCOMA
    (45) types -> . VAR
    (46) types -> . CONST
    (47) types -> . FINAL
    (48) types -> . VOID
    (49) types -> . STATIC
    (50) types -> . BOOL

    VAR             shift and go to state 30
    CONST           shift and go to state 14
    FINAL           shift and go to state 15
    VOID            shift and go to state 16
    STATIC          shift and go to state 17
    BOOL            shift and go to state 18

    typesVarAsignation             shift and go to state 28
    types                          shift and go to state 29

state 20

    (13) codeLine -> VAR ID . EQUALS LESS_THAN OBJTYPE GREATER_THAN LCURLY_BRACKET RCURLY_BRACKET DOTCOMA
    (15) codeLine -> VAR ID . EQUALS LESS_THAN OBJTYPE GREATER_THAN LCURLY_BRACKET values RCURLY_BRACKET DOTCOMA

    EQUALS          shift and go to state 31


state 21

    (14) codeLine -> setTypes LESS_THAN . OBJTYPE GREATER_THAN ID EQUALS LCURLY_BRACKET RCURLY_BRACKET DOTCOMA
    (16) codeLine -> setTypes LESS_THAN . OBJTYPE GREATER_THAN ID EQUALS LCURLY_BRACKET values RCURLY_BRACKET DOTCOMA

    OBJTYPE         shift and go to state 32


state 22

    (21) codeLine -> LIST OBJTYPE . ID EQUALS LSBRACKET RSBRACKET DOTCOMA
    (22) codeLine -> LIST OBJTYPE . ID EQUALS LIST OBJTYPE LPAREN RPAREN DOTCOMA
    (23) codeLine -> LIST OBJTYPE . ID EQUALS LIST LPAREN RPAREN DOTCOMA
    (24) codeLine -> LIST OBJTYPE . ID EQUALS LSBRACKET values RSBRACKET DOTCOMA

    ID              shift and go to state 33


state 23

    (25) codeLine -> IF LPAREN . conditionProduction RPAREN LCURLY_BRACKET RCURLY_BRACKET
    (26) codeLine -> IF LPAREN . conditionProduction RPAREN LCURLY_BRACKET
    (35) conditionProduction -> . condition
    (36) conditionProduction -> . condition logicalOperator conditionProduction
    (34) condition -> . ID comparator ID

    ID              shift and go to state 36

    conditionProduction            shift and go to state 34
    condition                      shift and go to state 35

state 24

    (29) codeLine -> IF LCURLY_BRACKET .

    $end            reduce using rule 29 (codeLine -> IF LCURLY_BRACKET .)
    RCURLY_BRACKET  reduce using rule 29 (codeLine -> IF LCURLY_BRACKET .)


state 25

    (28) codeLine -> ELSE LCURLY_BRACKET . RCURLY_BRACKET

    RCURLY_BRACKET  shift and go to state 37


state 26

    (30) codeLine -> ELSE IF . LPAREN conditionProduction RPAREN LCURLY_BRACKET RCURLY_BRACKET
    (31) codeLine -> ELSE IF . LPAREN conditionProduction RPAREN LCURLY_BRACKET

    LPAREN          shift and go to state 38


state 27

    (32) codeLine -> types ID . LPAREN LCURLY_BRACKET typesVarProduction RCURLY_BRACKET RPAREN LCURLY_BRACKET RCURLY_BRACKET
    (33) codeLine -> types ID . LPAREN LCURLY_BRACKET typesVarProduction RCURLY_BRACKET RPAREN LCURLY_BRACKET

    LPAREN          shift and go to state 39


state 28

    (1) codeLine -> FOR LPAREN typesVarAsignation . conditionProduction DOTCOMA operation RPAREN LCURLY_BRACKET codeLine RCURLY_BRACKET
    (35) conditionProduction -> . condition
    (36) conditionProduction -> . condition logicalOperator conditionProduction
    (34) condition -> . ID comparator ID

    ID              shift and go to state 36

    conditionProduction            shift and go to state 40
    condition                      shift and go to state 35

state 29

    (53) typesVarAsignation -> types . ID EQUALS value DOTCOMA

    ID              shift and go to state 41


state 30

    (45) types -> VAR .

    ID              reduce using rule 45 (types -> VAR .)


state 31

    (13) codeLine -> VAR ID EQUALS . LESS_THAN OBJTYPE GREATER_THAN LCURLY_BRACKET RCURLY_BRACKET DOTCOMA
    (15) codeLine -> VAR ID EQUALS . LESS_THAN OBJTYPE GREATER_THAN LCURLY_BRACKET values RCURLY_BRACKET DOTCOMA

    LESS_THAN       shift and go to state 42


state 32

    (14) codeLine -> setTypes LESS_THAN OBJTYPE . GREATER_THAN ID EQUALS LCURLY_BRACKET RCURLY_BRACKET DOTCOMA
    (16) codeLine -> setTypes LESS_THAN OBJTYPE . GREATER_THAN ID EQUALS LCURLY_BRACKET values RCURLY_BRACKET DOTCOMA

    GREATER_THAN    shift and go to state 43


state 33

    (21) codeLine -> LIST OBJTYPE ID . EQUALS LSBRACKET RSBRACKET DOTCOMA
    (22) codeLine -> LIST OBJTYPE ID . EQUALS LIST OBJTYPE LPAREN RPAREN DOTCOMA
    (23) codeLine -> LIST OBJTYPE ID . EQUALS LIST LPAREN RPAREN DOTCOMA
    (24) codeLine -> LIST OBJTYPE ID . EQUALS LSBRACKET values RSBRACKET DOTCOMA

    EQUALS          shift and go to state 44


state 34

    (25) codeLine -> IF LPAREN conditionProduction . RPAREN LCURLY_BRACKET RCURLY_BRACKET
    (26) codeLine -> IF LPAREN conditionProduction . RPAREN LCURLY_BRACKET

    RPAREN          shift and go to state 45


state 35

    (35) conditionProduction -> condition .
    (36) conditionProduction -> condition . logicalOperator conditionProduction
    (54) logicalOperator -> . AND
    (55) logicalOperator -> . OR

    RPAREN          reduce using rule 35 (conditionProduction -> condition .)
    DOTCOMA         reduce using rule 35 (conditionProduction -> condition .)
    AND             shift and go to state 47
    OR              shift and go to state 48

    logicalOperator                shift and go to state 46

state 36

    (34) condition -> ID . comparator ID
    (56) comparator -> . GREATER_THAN
    (57) comparator -> . GREATER_THAN_EQUAL
    (58) comparator -> . LESS_THAN
    (59) comparator -> . LESS_THAN_EQUAL
    (60) comparator -> . EQUAL

    GREATER_THAN    shift and go to state 50
    GREATER_THAN_EQUAL shift and go to state 51
    LESS_THAN       shift and go to state 52
    LESS_THAN_EQUAL shift and go to state 53
    EQUAL           shift and go to state 54

    comparator                     shift and go to state 49

state 37

    (28) codeLine -> ELSE LCURLY_BRACKET RCURLY_BRACKET .

    $end            reduce using rule 28 (codeLine -> ELSE LCURLY_BRACKET RCURLY_BRACKET .)
    RCURLY_BRACKET  reduce using rule 28 (codeLine -> ELSE LCURLY_BRACKET RCURLY_BRACKET .)


state 38

    (30) codeLine -> ELSE IF LPAREN . conditionProduction RPAREN LCURLY_BRACKET RCURLY_BRACKET
    (31) codeLine -> ELSE IF LPAREN . conditionProduction RPAREN LCURLY_BRACKET
    (35) conditionProduction -> . condition
    (36) conditionProduction -> . condition logicalOperator conditionProduction
    (34) condition -> . ID comparator ID

    ID              shift and go to state 36

    conditionProduction            shift and go to state 55
    condition                      shift and go to state 35

state 39

    (32) codeLine -> types ID LPAREN . LCURLY_BRACKET typesVarProduction RCURLY_BRACKET RPAREN LCURLY_BRACKET RCURLY_BRACKET
    (33) codeLine -> types ID LPAREN . LCURLY_BRACKET typesVarProduction RCURLY_BRACKET RPAREN LCURLY_BRACKET

    LCURLY_BRACKET  shift and go to state 56


state 40

    (1) codeLine -> FOR LPAREN typesVarAsignation conditionProduction . DOTCOMA operation RPAREN LCURLY_BRACKET codeLine RCURLY_BRACKET

    DOTCOMA         shift and go to state 57


state 41

    (53) typesVarAsignation -> types ID . EQUALS value DOTCOMA

    EQUALS          shift and go to state 58


state 42

    (13) codeLine -> VAR ID EQUALS LESS_THAN . OBJTYPE GREATER_THAN LCURLY_BRACKET RCURLY_BRACKET DOTCOMA
    (15) codeLine -> VAR ID EQUALS LESS_THAN . OBJTYPE GREATER_THAN LCURLY_BRACKET values RCURLY_BRACKET DOTCOMA

    OBJTYPE         shift and go to state 59


state 43

    (14) codeLine -> setTypes LESS_THAN OBJTYPE GREATER_THAN . ID EQUALS LCURLY_BRACKET RCURLY_BRACKET DOTCOMA
    (16) codeLine -> setTypes LESS_THAN OBJTYPE GREATER_THAN . ID EQUALS LCURLY_BRACKET values RCURLY_BRACKET DOTCOMA

    ID              shift and go to state 60


state 44

    (21) codeLine -> LIST OBJTYPE ID EQUALS . LSBRACKET RSBRACKET DOTCOMA
    (22) codeLine -> LIST OBJTYPE ID EQUALS . LIST OBJTYPE LPAREN RPAREN DOTCOMA
    (23) codeLine -> LIST OBJTYPE ID EQUALS . LIST LPAREN RPAREN DOTCOMA
    (24) codeLine -> LIST OBJTYPE ID EQUALS . LSBRACKET values RSBRACKET DOTCOMA

    LSBRACKET       shift and go to state 62
    LIST            shift and go to state 61


state 45

    (25) codeLine -> IF LPAREN conditionProduction RPAREN . LCURLY_BRACKET RCURLY_BRACKET
    (26) codeLine -> IF LPAREN conditionProduction RPAREN . LCURLY_BRACKET

    LCURLY_BRACKET  shift and go to state 63


state 46

    (36) conditionProduction -> condition logicalOperator . conditionProduction
    (35) conditionProduction -> . condition
    (36) conditionProduction -> . condition logicalOperator conditionProduction
    (34) condition -> . ID comparator ID

    ID              shift and go to state 36

    condition                      shift and go to state 35
    conditionProduction            shift and go to state 64

state 47

    (54) logicalOperator -> AND .

    ID              reduce using rule 54 (logicalOperator -> AND .)


state 48

    (55) logicalOperator -> OR .

    ID              reduce using rule 55 (logicalOperator -> OR .)


state 49

    (34) condition -> ID comparator . ID

    ID              shift and go to state 65


state 50

    (56) comparator -> GREATER_THAN .

    ID              reduce using rule 56 (comparator -> GREATER_THAN .)


state 51

    (57) comparator -> GREATER_THAN_EQUAL .

    ID              reduce using rule 57 (comparator -> GREATER_THAN_EQUAL .)


state 52

    (58) comparator -> LESS_THAN .

    ID              reduce using rule 58 (comparator -> LESS_THAN .)


state 53

    (59) comparator -> LESS_THAN_EQUAL .

    ID              reduce using rule 59 (comparator -> LESS_THAN_EQUAL .)


state 54

    (60) comparator -> EQUAL .

    ID              reduce using rule 60 (comparator -> EQUAL .)


state 55

    (30) codeLine -> ELSE IF LPAREN conditionProduction . RPAREN LCURLY_BRACKET RCURLY_BRACKET
    (31) codeLine -> ELSE IF LPAREN conditionProduction . RPAREN LCURLY_BRACKET

    RPAREN          shift and go to state 66


state 56

    (32) codeLine -> types ID LPAREN LCURLY_BRACKET . typesVarProduction RCURLY_BRACKET RPAREN LCURLY_BRACKET RCURLY_BRACKET
    (33) codeLine -> types ID LPAREN LCURLY_BRACKET . typesVarProduction RCURLY_BRACKET RPAREN LCURLY_BRACKET
    (51) typesVarProduction -> . types ID
    (52) typesVarProduction -> . types ID COMA typesVarProduction
    (45) types -> . VAR
    (46) types -> . CONST
    (47) types -> . FINAL
    (48) types -> . VOID
    (49) types -> . STATIC
    (50) types -> . BOOL

    VAR             shift and go to state 30
    CONST           shift and go to state 14
    FINAL           shift and go to state 15
    VOID            shift and go to state 16
    STATIC          shift and go to state 17
    BOOL            shift and go to state 18

    types                          shift and go to state 67
    typesVarProduction             shift and go to state 68

state 57

    (1) codeLine -> FOR LPAREN typesVarAsignation conditionProduction DOTCOMA . operation RPAREN LCURLY_BRACKET codeLine RCURLY_BRACKET
    (2) operation -> . ID DECREMENT_OPERATOR
    (3) operation -> . DECREMENT_OPERATOR ID
    (4) operation -> . INCREMENT_OPERATOR ID
    (5) operation -> . ID INCREMENT_OPERATOR
    (6) operation -> . ID operator ID
    (7) operation -> . ID operator numericValue
    (8) operation -> . numericValue operator ID
    (43) numericValue -> . INT
    (44) numericValue -> . DOUBLE

    ID              shift and go to state 70
    DECREMENT_OPERATOR shift and go to state 71
    INCREMENT_OPERATOR shift and go to state 72
    INT             shift and go to state 74
    DOUBLE          shift and go to state 75

    operation                      shift and go to state 69
    numericValue                   shift and go to state 73

state 58

    (53) typesVarAsignation -> types ID EQUALS . value DOTCOMA
    (39) value -> . numericValue
    (40) value -> . STR
    (41) value -> . TRUE
    (42) value -> . FALSE
    (43) numericValue -> . INT
    (44) numericValue -> . DOUBLE

    STR             shift and go to state 78
    TRUE            shift and go to state 79
    FALSE           shift and go to state 80
    INT             shift and go to state 74
    DOUBLE          shift and go to state 75

    value                          shift and go to state 76
    numericValue                   shift and go to state 77

state 59

    (13) codeLine -> VAR ID EQUALS LESS_THAN OBJTYPE . GREATER_THAN LCURLY_BRACKET RCURLY_BRACKET DOTCOMA
    (15) codeLine -> VAR ID EQUALS LESS_THAN OBJTYPE . GREATER_THAN LCURLY_BRACKET values RCURLY_BRACKET DOTCOMA

    GREATER_THAN    shift and go to state 81


state 60

    (14) codeLine -> setTypes LESS_THAN OBJTYPE GREATER_THAN ID . EQUALS LCURLY_BRACKET RCURLY_BRACKET DOTCOMA
    (16) codeLine -> setTypes LESS_THAN OBJTYPE GREATER_THAN ID . EQUALS LCURLY_BRACKET values RCURLY_BRACKET DOTCOMA

    EQUALS          shift and go to state 82


state 61

    (22) codeLine -> LIST OBJTYPE ID EQUALS LIST . OBJTYPE LPAREN RPAREN DOTCOMA
    (23) codeLine -> LIST OBJTYPE ID EQUALS LIST . LPAREN RPAREN DOTCOMA

    OBJTYPE         shift and go to state 83
    LPAREN          shift and go to state 84


state 62

    (21) codeLine -> LIST OBJTYPE ID EQUALS LSBRACKET . RSBRACKET DOTCOMA
    (24) codeLine -> LIST OBJTYPE ID EQUALS LSBRACKET . values RSBRACKET DOTCOMA
    (37) values -> . value
    (38) values -> . value COMA values
    (39) value -> . numericValue
    (40) value -> . STR
    (41) value -> . TRUE
    (42) value -> . FALSE
    (43) numericValue -> . INT
    (44) numericValue -> . DOUBLE

    RSBRACKET       shift and go to state 85
    STR             shift and go to state 78
    TRUE            shift and go to state 79
    FALSE           shift and go to state 80
    INT             shift and go to state 74
    DOUBLE          shift and go to state 75

    values                         shift and go to state 86
    value                          shift and go to state 87
    numericValue                   shift and go to state 77

state 63

    (25) codeLine -> IF LPAREN conditionProduction RPAREN LCURLY_BRACKET . RCURLY_BRACKET
    (26) codeLine -> IF LPAREN conditionProduction RPAREN LCURLY_BRACKET .

  ! shift/reduce conflict for RCURLY_BRACKET resolved as shift
    RCURLY_BRACKET  shift and go to state 88
    $end            reduce using rule 26 (codeLine -> IF LPAREN conditionProduction RPAREN LCURLY_BRACKET .)

  ! RCURLY_BRACKET  [ reduce using rule 26 (codeLine -> IF LPAREN conditionProduction RPAREN LCURLY_BRACKET .) ]


state 64

    (36) conditionProduction -> condition logicalOperator conditionProduction .

    RPAREN          reduce using rule 36 (conditionProduction -> condition logicalOperator conditionProduction .)
    DOTCOMA         reduce using rule 36 (conditionProduction -> condition logicalOperator conditionProduction .)


state 65

    (34) condition -> ID comparator ID .

    AND             reduce using rule 34 (condition -> ID comparator ID .)
    OR              reduce using rule 34 (condition -> ID comparator ID .)
    RPAREN          reduce using rule 34 (condition -> ID comparator ID .)
    DOTCOMA         reduce using rule 34 (condition -> ID comparator ID .)


state 66

    (30) codeLine -> ELSE IF LPAREN conditionProduction RPAREN . LCURLY_BRACKET RCURLY_BRACKET
    (31) codeLine -> ELSE IF LPAREN conditionProduction RPAREN . LCURLY_BRACKET

    LCURLY_BRACKET  shift and go to state 89


state 67

    (51) typesVarProduction -> types . ID
    (52) typesVarProduction -> types . ID COMA typesVarProduction

    ID              shift and go to state 90


state 68

    (32) codeLine -> types ID LPAREN LCURLY_BRACKET typesVarProduction . RCURLY_BRACKET RPAREN LCURLY_BRACKET RCURLY_BRACKET
    (33) codeLine -> types ID LPAREN LCURLY_BRACKET typesVarProduction . RCURLY_BRACKET RPAREN LCURLY_BRACKET

    RCURLY_BRACKET  shift and go to state 91


state 69

    (1) codeLine -> FOR LPAREN typesVarAsignation conditionProduction DOTCOMA operation . RPAREN LCURLY_BRACKET codeLine RCURLY_BRACKET

    RPAREN          shift and go to state 92


state 70

    (2) operation -> ID . DECREMENT_OPERATOR
    (5) operation -> ID . INCREMENT_OPERATOR
    (6) operation -> ID . operator ID
    (7) operation -> ID . operator numericValue
    (9) operator -> . PLUS
    (10) operator -> . MINUS
    (11) operator -> . TIMES
    (12) operator -> . DIVIDE

    DECREMENT_OPERATOR shift and go to state 93
    INCREMENT_OPERATOR shift and go to state 94
    PLUS            shift and go to state 96
    MINUS           shift and go to state 97
    TIMES           shift and go to state 98
    DIVIDE          shift and go to state 99

    operator                       shift and go to state 95

state 71

    (3) operation -> DECREMENT_OPERATOR . ID

    ID              shift and go to state 100


state 72

    (4) operation -> INCREMENT_OPERATOR . ID

    ID              shift and go to state 101


state 73

    (8) operation -> numericValue . operator ID
    (9) operator -> . PLUS
    (10) operator -> . MINUS
    (11) operator -> . TIMES
    (12) operator -> . DIVIDE

    PLUS            shift and go to state 96
    MINUS           shift and go to state 97
    TIMES           shift and go to state 98
    DIVIDE          shift and go to state 99

    operator                       shift and go to state 102

state 74

    (43) numericValue -> INT .

    PLUS            reduce using rule 43 (numericValue -> INT .)
    MINUS           reduce using rule 43 (numericValue -> INT .)
    TIMES           reduce using rule 43 (numericValue -> INT .)
    DIVIDE          reduce using rule 43 (numericValue -> INT .)
    DOTCOMA         reduce using rule 43 (numericValue -> INT .)
    COMA            reduce using rule 43 (numericValue -> INT .)
    RSBRACKET       reduce using rule 43 (numericValue -> INT .)
    RPAREN          reduce using rule 43 (numericValue -> INT .)
    RCURLY_BRACKET  reduce using rule 43 (numericValue -> INT .)


state 75

    (44) numericValue -> DOUBLE .

    PLUS            reduce using rule 44 (numericValue -> DOUBLE .)
    MINUS           reduce using rule 44 (numericValue -> DOUBLE .)
    TIMES           reduce using rule 44 (numericValue -> DOUBLE .)
    DIVIDE          reduce using rule 44 (numericValue -> DOUBLE .)
    DOTCOMA         reduce using rule 44 (numericValue -> DOUBLE .)
    COMA            reduce using rule 44 (numericValue -> DOUBLE .)
    RSBRACKET       reduce using rule 44 (numericValue -> DOUBLE .)
    RPAREN          reduce using rule 44 (numericValue -> DOUBLE .)
    RCURLY_BRACKET  reduce using rule 44 (numericValue -> DOUBLE .)


state 76

    (53) typesVarAsignation -> types ID EQUALS value . DOTCOMA

    DOTCOMA         shift and go to state 103


state 77

    (39) value -> numericValue .

    DOTCOMA         reduce using rule 39 (value -> numericValue .)
    COMA            reduce using rule 39 (value -> numericValue .)
    RSBRACKET       reduce using rule 39 (value -> numericValue .)
    RCURLY_BRACKET  reduce using rule 39 (value -> numericValue .)


state 78

    (40) value -> STR .

    DOTCOMA         reduce using rule 40 (value -> STR .)
    COMA            reduce using rule 40 (value -> STR .)
    RSBRACKET       reduce using rule 40 (value -> STR .)
    RCURLY_BRACKET  reduce using rule 40 (value -> STR .)


state 79

    (41) value -> TRUE .

    DOTCOMA         reduce using rule 41 (value -> TRUE .)
    COMA            reduce using rule 41 (value -> TRUE .)
    RSBRACKET       reduce using rule 41 (value -> TRUE .)
    RCURLY_BRACKET  reduce using rule 41 (value -> TRUE .)


state 80

    (42) value -> FALSE .

    DOTCOMA         reduce using rule 42 (value -> FALSE .)
    COMA            reduce using rule 42 (value -> FALSE .)
    RSBRACKET       reduce using rule 42 (value -> FALSE .)
    RCURLY_BRACKET  reduce using rule 42 (value -> FALSE .)


state 81

    (13) codeLine -> VAR ID EQUALS LESS_THAN OBJTYPE GREATER_THAN . LCURLY_BRACKET RCURLY_BRACKET DOTCOMA
    (15) codeLine -> VAR ID EQUALS LESS_THAN OBJTYPE GREATER_THAN . LCURLY_BRACKET values RCURLY_BRACKET DOTCOMA

    LCURLY_BRACKET  shift and go to state 104


state 82

    (14) codeLine -> setTypes LESS_THAN OBJTYPE GREATER_THAN ID EQUALS . LCURLY_BRACKET RCURLY_BRACKET DOTCOMA
    (16) codeLine -> setTypes LESS_THAN OBJTYPE GREATER_THAN ID EQUALS . LCURLY_BRACKET values RCURLY_BRACKET DOTCOMA

    LCURLY_BRACKET  shift and go to state 105


state 83

    (22) codeLine -> LIST OBJTYPE ID EQUALS LIST OBJTYPE . LPAREN RPAREN DOTCOMA

    LPAREN          shift and go to state 106


state 84

    (23) codeLine -> LIST OBJTYPE ID EQUALS LIST LPAREN . RPAREN DOTCOMA

    RPAREN          shift and go to state 107


state 85

    (21) codeLine -> LIST OBJTYPE ID EQUALS LSBRACKET RSBRACKET . DOTCOMA

    DOTCOMA         shift and go to state 108


state 86

    (24) codeLine -> LIST OBJTYPE ID EQUALS LSBRACKET values . RSBRACKET DOTCOMA

    RSBRACKET       shift and go to state 109


state 87

    (37) values -> value .
    (38) values -> value . COMA values

    RSBRACKET       reduce using rule 37 (values -> value .)
    RCURLY_BRACKET  reduce using rule 37 (values -> value .)
    COMA            shift and go to state 110


state 88

    (25) codeLine -> IF LPAREN conditionProduction RPAREN LCURLY_BRACKET RCURLY_BRACKET .

    $end            reduce using rule 25 (codeLine -> IF LPAREN conditionProduction RPAREN LCURLY_BRACKET RCURLY_BRACKET .)
    RCURLY_BRACKET  reduce using rule 25 (codeLine -> IF LPAREN conditionProduction RPAREN LCURLY_BRACKET RCURLY_BRACKET .)


state 89

    (30) codeLine -> ELSE IF LPAREN conditionProduction RPAREN LCURLY_BRACKET . RCURLY_BRACKET
    (31) codeLine -> ELSE IF LPAREN conditionProduction RPAREN LCURLY_BRACKET .

  ! shift/reduce conflict for RCURLY_BRACKET resolved as shift
    RCURLY_BRACKET  shift and go to state 111
    $end            reduce using rule 31 (codeLine -> ELSE IF LPAREN conditionProduction RPAREN LCURLY_BRACKET .)

  ! RCURLY_BRACKET  [ reduce using rule 31 (codeLine -> ELSE IF LPAREN conditionProduction RPAREN LCURLY_BRACKET .) ]


state 90

    (51) typesVarProduction -> types ID .
    (52) typesVarProduction -> types ID . COMA typesVarProduction

    RCURLY_BRACKET  reduce using rule 51 (typesVarProduction -> types ID .)
    COMA            shift and go to state 112


state 91

    (32) codeLine -> types ID LPAREN LCURLY_BRACKET typesVarProduction RCURLY_BRACKET . RPAREN LCURLY_BRACKET RCURLY_BRACKET
    (33) codeLine -> types ID LPAREN LCURLY_BRACKET typesVarProduction RCURLY_BRACKET . RPAREN LCURLY_BRACKET

    RPAREN          shift and go to state 113


state 92

    (1) codeLine -> FOR LPAREN typesVarAsignation conditionProduction DOTCOMA operation RPAREN . LCURLY_BRACKET codeLine RCURLY_BRACKET

    LCURLY_BRACKET  shift and go to state 114


state 93

    (2) operation -> ID DECREMENT_OPERATOR .

    RPAREN          reduce using rule 2 (operation -> ID DECREMENT_OPERATOR .)


state 94

    (5) operation -> ID INCREMENT_OPERATOR .

    RPAREN          reduce using rule 5 (operation -> ID INCREMENT_OPERATOR .)


state 95

    (6) operation -> ID operator . ID
    (7) operation -> ID operator . numericValue
    (43) numericValue -> . INT
    (44) numericValue -> . DOUBLE

    ID              shift and go to state 115
    INT             shift and go to state 74
    DOUBLE          shift and go to state 75

    numericValue                   shift and go to state 116

state 96

    (9) operator -> PLUS .

    ID              reduce using rule 9 (operator -> PLUS .)
    INT             reduce using rule 9 (operator -> PLUS .)
    DOUBLE          reduce using rule 9 (operator -> PLUS .)


state 97

    (10) operator -> MINUS .

    ID              reduce using rule 10 (operator -> MINUS .)
    INT             reduce using rule 10 (operator -> MINUS .)
    DOUBLE          reduce using rule 10 (operator -> MINUS .)


state 98

    (11) operator -> TIMES .

    ID              reduce using rule 11 (operator -> TIMES .)
    INT             reduce using rule 11 (operator -> TIMES .)
    DOUBLE          reduce using rule 11 (operator -> TIMES .)


state 99

    (12) operator -> DIVIDE .

    ID              reduce using rule 12 (operator -> DIVIDE .)
    INT             reduce using rule 12 (operator -> DIVIDE .)
    DOUBLE          reduce using rule 12 (operator -> DIVIDE .)


state 100

    (3) operation -> DECREMENT_OPERATOR ID .

    RPAREN          reduce using rule 3 (operation -> DECREMENT_OPERATOR ID .)


state 101

    (4) operation -> INCREMENT_OPERATOR ID .

    RPAREN          reduce using rule 4 (operation -> INCREMENT_OPERATOR ID .)


state 102

    (8) operation -> numericValue operator . ID

    ID              shift and go to state 117


state 103

    (53) typesVarAsignation -> types ID EQUALS value DOTCOMA .

    ID              reduce using rule 53 (typesVarAsignation -> types ID EQUALS value DOTCOMA .)


state 104

    (13) codeLine -> VAR ID EQUALS LESS_THAN OBJTYPE GREATER_THAN LCURLY_BRACKET . RCURLY_BRACKET DOTCOMA
    (15) codeLine -> VAR ID EQUALS LESS_THAN OBJTYPE GREATER_THAN LCURLY_BRACKET . values RCURLY_BRACKET DOTCOMA
    (37) values -> . value
    (38) values -> . value COMA values
    (39) value -> . numericValue
    (40) value -> . STR
    (41) value -> . TRUE
    (42) value -> . FALSE
    (43) numericValue -> . INT
    (44) numericValue -> . DOUBLE

    RCURLY_BRACKET  shift and go to state 118
    STR             shift and go to state 78
    TRUE            shift and go to state 79
    FALSE           shift and go to state 80
    INT             shift and go to state 74
    DOUBLE          shift and go to state 75

    values                         shift and go to state 119
    value                          shift and go to state 87
    numericValue                   shift and go to state 77

state 105

    (14) codeLine -> setTypes LESS_THAN OBJTYPE GREATER_THAN ID EQUALS LCURLY_BRACKET . RCURLY_BRACKET DOTCOMA
    (16) codeLine -> setTypes LESS_THAN OBJTYPE GREATER_THAN ID EQUALS LCURLY_BRACKET . values RCURLY_BRACKET DOTCOMA
    (37) values -> . value
    (38) values -> . value COMA values
    (39) value -> . numericValue
    (40) value -> . STR
    (41) value -> . TRUE
    (42) value -> . FALSE
    (43) numericValue -> . INT
    (44) numericValue -> . DOUBLE

    RCURLY_BRACKET  shift and go to state 120
    STR             shift and go to state 78
    TRUE            shift and go to state 79
    FALSE           shift and go to state 80
    INT             shift and go to state 74
    DOUBLE          shift and go to state 75

    values                         shift and go to state 121
    value                          shift and go to state 87
    numericValue                   shift and go to state 77

state 106

    (22) codeLine -> LIST OBJTYPE ID EQUALS LIST OBJTYPE LPAREN . RPAREN DOTCOMA

    RPAREN          shift and go to state 122


state 107

    (23) codeLine -> LIST OBJTYPE ID EQUALS LIST LPAREN RPAREN . DOTCOMA

    DOTCOMA         shift and go to state 123


state 108

    (21) codeLine -> LIST OBJTYPE ID EQUALS LSBRACKET RSBRACKET DOTCOMA .

    $end            reduce using rule 21 (codeLine -> LIST OBJTYPE ID EQUALS LSBRACKET RSBRACKET DOTCOMA .)
    RCURLY_BRACKET  reduce using rule 21 (codeLine -> LIST OBJTYPE ID EQUALS LSBRACKET RSBRACKET DOTCOMA .)


state 109

    (24) codeLine -> LIST OBJTYPE ID EQUALS LSBRACKET values RSBRACKET . DOTCOMA

    DOTCOMA         shift and go to state 124


state 110

    (38) values -> value COMA . values
    (37) values -> . value
    (38) values -> . value COMA values
    (39) value -> . numericValue
    (40) value -> . STR
    (41) value -> . TRUE
    (42) value -> . FALSE
    (43) numericValue -> . INT
    (44) numericValue -> . DOUBLE

    STR             shift and go to state 78
    TRUE            shift and go to state 79
    FALSE           shift and go to state 80
    INT             shift and go to state 74
    DOUBLE          shift and go to state 75

    value                          shift and go to state 87
    values                         shift and go to state 125
    numericValue                   shift and go to state 77

state 111

    (30) codeLine -> ELSE IF LPAREN conditionProduction RPAREN LCURLY_BRACKET RCURLY_BRACKET .

    $end            reduce using rule 30 (codeLine -> ELSE IF LPAREN conditionProduction RPAREN LCURLY_BRACKET RCURLY_BRACKET .)
    RCURLY_BRACKET  reduce using rule 30 (codeLine -> ELSE IF LPAREN conditionProduction RPAREN LCURLY_BRACKET RCURLY_BRACKET .)


state 112

    (52) typesVarProduction -> types ID COMA . typesVarProduction
    (51) typesVarProduction -> . types ID
    (52) typesVarProduction -> . types ID COMA typesVarProduction
    (45) types -> . VAR
    (46) types -> . CONST
    (47) types -> . FINAL
    (48) types -> . VOID
    (49) types -> . STATIC
    (50) types -> . BOOL

    VAR             shift and go to state 30
    CONST           shift and go to state 14
    FINAL           shift and go to state 15
    VOID            shift and go to state 16
    STATIC          shift and go to state 17
    BOOL            shift and go to state 18

    types                          shift and go to state 67
    typesVarProduction             shift and go to state 126

state 113

    (32) codeLine -> types ID LPAREN LCURLY_BRACKET typesVarProduction RCURLY_BRACKET RPAREN . LCURLY_BRACKET RCURLY_BRACKET
    (33) codeLine -> types ID LPAREN LCURLY_BRACKET typesVarProduction RCURLY_BRACKET RPAREN . LCURLY_BRACKET

    LCURLY_BRACKET  shift and go to state 127


state 114

    (1) codeLine -> FOR LPAREN typesVarAsignation conditionProduction DOTCOMA operation RPAREN LCURLY_BRACKET . codeLine RCURLY_BRACKET
    (1) codeLine -> . FOR LPAREN typesVarAsignation conditionProduction DOTCOMA operation RPAREN LCURLY_BRACKET codeLine RCURLY_BRACKET
    (13) codeLine -> . VAR ID EQUALS LESS_THAN OBJTYPE GREATER_THAN LCURLY_BRACKET RCURLY_BRACKET DOTCOMA
    (14) codeLine -> . setTypes LESS_THAN OBJTYPE GREATER_THAN ID EQUALS LCURLY_BRACKET RCURLY_BRACKET DOTCOMA
    (15) codeLine -> . VAR ID EQUALS LESS_THAN OBJTYPE GREATER_THAN LCURLY_BRACKET values RCURLY_BRACKET DOTCOMA
    (16) codeLine -> . setTypes LESS_THAN OBJTYPE GREATER_THAN ID EQUALS LCURLY_BRACKET values RCURLY_BRACKET DOTCOMA
    (21) codeLine -> . LIST OBJTYPE ID EQUALS LSBRACKET RSBRACKET DOTCOMA
    (22) codeLine -> . LIST OBJTYPE ID EQUALS LIST OBJTYPE LPAREN RPAREN DOTCOMA
    (23) codeLine -> . LIST OBJTYPE ID EQUALS LIST LPAREN RPAREN DOTCOMA
    (24) codeLine -> . LIST OBJTYPE ID EQUALS LSBRACKET values RSBRACKET DOTCOMA
    (25) codeLine -> . IF LPAREN conditionProduction RPAREN LCURLY_BRACKET RCURLY_BRACKET
    (26) codeLine -> . IF LPAREN conditionProduction RPAREN LCURLY_BRACKET
    (27) codeLine -> . RCURLY_BRACKET
    (28) codeLine -> . ELSE LCURLY_BRACKET RCURLY_BRACKET
    (29) codeLine -> . IF LCURLY_BRACKET
    (30) codeLine -> . ELSE IF LPAREN conditionProduction RPAREN LCURLY_BRACKET RCURLY_BRACKET
    (31) codeLine -> . ELSE IF LPAREN conditionProduction RPAREN LCURLY_BRACKET
    (32) codeLine -> . types ID LPAREN LCURLY_BRACKET typesVarProduction RCURLY_BRACKET RPAREN LCURLY_BRACKET RCURLY_BRACKET
    (33) codeLine -> . types ID LPAREN LCURLY_BRACKET typesVarProduction RCURLY_BRACKET RPAREN LCURLY_BRACKET
    (17) setTypes -> . SETTYPE
    (18) setTypes -> . HASHSETTYPE
    (19) setTypes -> . LINKEDHASHSETTYPE
    (20) setTypes -> . SPLAYTREESETTYPE
    (45) types -> . VAR
    (46) types -> . CONST
    (47) types -> . FINAL
    (48) types -> . VOID
    (49) types -> . STATIC
    (50) types -> . BOOL

    FOR             shift and go to state 2
    VAR             shift and go to state 4
    LIST            shift and go to state 6
    IF              shift and go to state 7
    RCURLY_BRACKET  shift and go to state 3
    ELSE            shift and go to state 8
    SETTYPE         shift and go to state 10
    HASHSETTYPE     shift and go to state 11
    LINKEDHASHSETTYPE shift and go to state 12
    SPLAYTREESETTYPE shift and go to state 13
    CONST           shift and go to state 14
    FINAL           shift and go to state 15
    VOID            shift and go to state 16
    STATIC          shift and go to state 17
    BOOL            shift and go to state 18

    codeLine                       shift and go to state 128
    setTypes                       shift and go to state 5
    types                          shift and go to state 9

state 115

    (6) operation -> ID operator ID .

    RPAREN          reduce using rule 6 (operation -> ID operator ID .)


state 116

    (7) operation -> ID operator numericValue .

    RPAREN          reduce using rule 7 (operation -> ID operator numericValue .)


state 117

    (8) operation -> numericValue operator ID .

    RPAREN          reduce using rule 8 (operation -> numericValue operator ID .)


state 118

    (13) codeLine -> VAR ID EQUALS LESS_THAN OBJTYPE GREATER_THAN LCURLY_BRACKET RCURLY_BRACKET . DOTCOMA

    DOTCOMA         shift and go to state 129


state 119

    (15) codeLine -> VAR ID EQUALS LESS_THAN OBJTYPE GREATER_THAN LCURLY_BRACKET values . RCURLY_BRACKET DOTCOMA

    RCURLY_BRACKET  shift and go to state 130


state 120

    (14) codeLine -> setTypes LESS_THAN OBJTYPE GREATER_THAN ID EQUALS LCURLY_BRACKET RCURLY_BRACKET . DOTCOMA

    DOTCOMA         shift and go to state 131


state 121

    (16) codeLine -> setTypes LESS_THAN OBJTYPE GREATER_THAN ID EQUALS LCURLY_BRACKET values . RCURLY_BRACKET DOTCOMA

    RCURLY_BRACKET  shift and go to state 132


state 122

    (22) codeLine -> LIST OBJTYPE ID EQUALS LIST OBJTYPE LPAREN RPAREN . DOTCOMA

    DOTCOMA         shift and go to state 133


state 123

    (23) codeLine -> LIST OBJTYPE ID EQUALS LIST LPAREN RPAREN DOTCOMA .

    $end            reduce using rule 23 (codeLine -> LIST OBJTYPE ID EQUALS LIST LPAREN RPAREN DOTCOMA .)
    RCURLY_BRACKET  reduce using rule 23 (codeLine -> LIST OBJTYPE ID EQUALS LIST LPAREN RPAREN DOTCOMA .)


state 124

    (24) codeLine -> LIST OBJTYPE ID EQUALS LSBRACKET values RSBRACKET DOTCOMA .

    $end            reduce using rule 24 (codeLine -> LIST OBJTYPE ID EQUALS LSBRACKET values RSBRACKET DOTCOMA .)
    RCURLY_BRACKET  reduce using rule 24 (codeLine -> LIST OBJTYPE ID EQUALS LSBRACKET values RSBRACKET DOTCOMA .)


state 125

    (38) values -> value COMA values .

    RSBRACKET       reduce using rule 38 (values -> value COMA values .)
    RCURLY_BRACKET  reduce using rule 38 (values -> value COMA values .)


state 126

    (52) typesVarProduction -> types ID COMA typesVarProduction .

    RCURLY_BRACKET  reduce using rule 52 (typesVarProduction -> types ID COMA typesVarProduction .)


state 127

    (32) codeLine -> types ID LPAREN LCURLY_BRACKET typesVarProduction RCURLY_BRACKET RPAREN LCURLY_BRACKET . RCURLY_BRACKET
    (33) codeLine -> types ID LPAREN LCURLY_BRACKET typesVarProduction RCURLY_BRACKET RPAREN LCURLY_BRACKET .

  ! shift/reduce conflict for RCURLY_BRACKET resolved as shift
    RCURLY_BRACKET  shift and go to state 134
    $end            reduce using rule 33 (codeLine -> types ID LPAREN LCURLY_BRACKET typesVarProduction RCURLY_BRACKET RPAREN LCURLY_BRACKET .)

  ! RCURLY_BRACKET  [ reduce using rule 33 (codeLine -> types ID LPAREN LCURLY_BRACKET typesVarProduction RCURLY_BRACKET RPAREN LCURLY_BRACKET .) ]


state 128

    (1) codeLine -> FOR LPAREN typesVarAsignation conditionProduction DOTCOMA operation RPAREN LCURLY_BRACKET codeLine . RCURLY_BRACKET

    RCURLY_BRACKET  shift and go to state 135


state 129

    (13) codeLine -> VAR ID EQUALS LESS_THAN OBJTYPE GREATER_THAN LCURLY_BRACKET RCURLY_BRACKET DOTCOMA .

    $end            reduce using rule 13 (codeLine -> VAR ID EQUALS LESS_THAN OBJTYPE GREATER_THAN LCURLY_BRACKET RCURLY_BRACKET DOTCOMA .)
    RCURLY_BRACKET  reduce using rule 13 (codeLine -> VAR ID EQUALS LESS_THAN OBJTYPE GREATER_THAN LCURLY_BRACKET RCURLY_BRACKET DOTCOMA .)


state 130

    (15) codeLine -> VAR ID EQUALS LESS_THAN OBJTYPE GREATER_THAN LCURLY_BRACKET values RCURLY_BRACKET . DOTCOMA

    DOTCOMA         shift and go to state 136


state 131

    (14) codeLine -> setTypes LESS_THAN OBJTYPE GREATER_THAN ID EQUALS LCURLY_BRACKET RCURLY_BRACKET DOTCOMA .

    $end            reduce using rule 14 (codeLine -> setTypes LESS_THAN OBJTYPE GREATER_THAN ID EQUALS LCURLY_BRACKET RCURLY_BRACKET DOTCOMA .)
    RCURLY_BRACKET  reduce using rule 14 (codeLine -> setTypes LESS_THAN OBJTYPE GREATER_THAN ID EQUALS LCURLY_BRACKET RCURLY_BRACKET DOTCOMA .)


state 132

    (16) codeLine -> setTypes LESS_THAN OBJTYPE GREATER_THAN ID EQUALS LCURLY_BRACKET values RCURLY_BRACKET . DOTCOMA

    DOTCOMA         shift and go to state 137


state 133

    (22) codeLine -> LIST OBJTYPE ID EQUALS LIST OBJTYPE LPAREN RPAREN DOTCOMA .

    $end            reduce using rule 22 (codeLine -> LIST OBJTYPE ID EQUALS LIST OBJTYPE LPAREN RPAREN DOTCOMA .)
    RCURLY_BRACKET  reduce using rule 22 (codeLine -> LIST OBJTYPE ID EQUALS LIST OBJTYPE LPAREN RPAREN DOTCOMA .)


state 134

    (32) codeLine -> types ID LPAREN LCURLY_BRACKET typesVarProduction RCURLY_BRACKET RPAREN LCURLY_BRACKET RCURLY_BRACKET .

    $end            reduce using rule 32 (codeLine -> types ID LPAREN LCURLY_BRACKET typesVarProduction RCURLY_BRACKET RPAREN LCURLY_BRACKET RCURLY_BRACKET .)
    RCURLY_BRACKET  reduce using rule 32 (codeLine -> types ID LPAREN LCURLY_BRACKET typesVarProduction RCURLY_BRACKET RPAREN LCURLY_BRACKET RCURLY_BRACKET .)


state 135

    (1) codeLine -> FOR LPAREN typesVarAsignation conditionProduction DOTCOMA operation RPAREN LCURLY_BRACKET codeLine RCURLY_BRACKET .

    $end            reduce using rule 1 (codeLine -> FOR LPAREN typesVarAsignation conditionProduction DOTCOMA operation RPAREN LCURLY_BRACKET codeLine RCURLY_BRACKET .)
    RCURLY_BRACKET  reduce using rule 1 (codeLine -> FOR LPAREN typesVarAsignation conditionProduction DOTCOMA operation RPAREN LCURLY_BRACKET codeLine RCURLY_BRACKET .)


state 136

    (15) codeLine -> VAR ID EQUALS LESS_THAN OBJTYPE GREATER_THAN LCURLY_BRACKET values RCURLY_BRACKET DOTCOMA .

    $end            reduce using rule 15 (codeLine -> VAR ID EQUALS LESS_THAN OBJTYPE GREATER_THAN LCURLY_BRACKET values RCURLY_BRACKET DOTCOMA .)
    RCURLY_BRACKET  reduce using rule 15 (codeLine -> VAR ID EQUALS LESS_THAN OBJTYPE GREATER_THAN LCURLY_BRACKET values RCURLY_BRACKET DOTCOMA .)


state 137

    (16) codeLine -> setTypes LESS_THAN OBJTYPE GREATER_THAN ID EQUALS LCURLY_BRACKET values RCURLY_BRACKET DOTCOMA .

    $end            reduce using rule 16 (codeLine -> setTypes LESS_THAN OBJTYPE GREATER_THAN ID EQUALS LCURLY_BRACKET values RCURLY_BRACKET DOTCOMA .)
    RCURLY_BRACKET  reduce using rule 16 (codeLine -> setTypes LESS_THAN OBJTYPE GREATER_THAN ID EQUALS LCURLY_BRACKET values RCURLY_BRACKET DOTCOMA .)

WARNING: 
WARNING: Conflicts:
WARNING: 
WARNING: shift/reduce conflict for ID in state 4 resolved as shift
WARNING: shift/reduce conflict for RCURLY_BRACKET in state 63 resolved as shift
WARNING: shift/reduce conflict for RCURLY_BRACKET in state 89 resolved as shift
WARNING: shift/reduce conflict for RCURLY_BRACKET in state 127 resolved as shift
